<?xml version="1.0" encoding="UTF-8"?>
<!-- Generated by org.testng.reporters.JUnitXMLReporter -->
<testsuite ignored="11" hostname="DESKTOP-4N84MDJ" failures="0" tests="1" name="Default test" time="22.282" errors="0" timestamp="2024-07-16T15:04:37 IST">
  <testcase classname="onpepper.Data_Analytics.Tests.WhatIfAnalysis_Validation" name="RetriveBaseFile" time="7.971"/>
  <testcase classname="onpepper.Data_Analytics.Tests.WhatIfAnalysis_Validation" name="updateMultipleLeaverageParameter" time="0.0">
    <ignored/>
  </testcase> <!-- updateMultipleLeaverageParameter -->
  <testcase classname="onpepper.Data_Analytics.Tests.WhatIfAnalysis_Validation" name="uploadFile" time="0.0">
    <ignored/>
  </testcase> <!-- uploadFile -->
  <testcase classname="onpepper.Data_Analytics.Tests.WhatIfAnalysis_Validation" name="CopyAssetRow" time="0.0">
    <ignored/>
  </testcase> <!-- CopyAssetRow -->
  <testcase classname="onpepper.Data_Analytics.Tests.WhatIfAnalysis_Validation" name="CreateAssetRow" time="0.0">
    <ignored/>
  </testcase> <!-- CreateAssetRow -->
  <testcase classname="onpepper.Data_Analytics.Tests.WhatIfAnalysis_Validation" name="ModifyAssetRow" time="0.0">
    <ignored/>
  </testcase> <!-- ModifyAssetRow -->
  <testcase classname="onpepper.Data_Analytics.Tests.WhatIfAnalysis_Validation" name="updateEBITDAParameter" time="0.0">
    <ignored/>
  </testcase> <!-- updateEBITDAParameter -->
  <testcase classname="onpepper.Data_Analytics.Tests.WhatIfAnalysis_Validation" name="updateLevarageParameter" time="0.0">
    <ignored/>
  </testcase> <!-- updateLevarageParameter -->
  <testcase classname="onpepper.Data_Analytics.Tests.WhatIfAnalysis_Validation" name="uploadFileName" time="0.0">
    <ignored/>
  </testcase> <!-- uploadFileName -->
  <testcase classname="onpepper.Data_Analytics.Tests.WhatIfAnalysis_Validation" name="selectAsset" time="0.0">
    <ignored/>
  </testcase> <!-- selectAsset -->
  <testcase classname="onpepper.Data_Analytics.Tests.WhatIfAnalysis_Validation" name="CheckTableHeaders" time="0.0">
    <ignored/>
  </testcase> <!-- CheckTableHeaders -->
  <testcase classname="onpepper.Data_Analytics.Tests.WhatIfAnalysis_Validation" name="updateMultipleEBITDAParameter" time="0.0">
    <ignored/>
  </testcase> <!-- updateMultipleEBITDAParameter -->
</testsuite> <!-- Default test -->
